Using pre-set license
Built from '2021.1/staging' branch; Version is '2021.1.7f1 (d91830b65d9b) revision 14227504'; Using compiler version '192528614'; Build Type 'Release'
OS: 'Windows 10 Education; OS build 18363.1734; Version 1909; 64bit' Language: 'en' Physical Memory: 16299 MB
BatchMode: 1, IsHumanControllingUs: 0, StartBugReporterOnCrash: 0, Is64bit: 1, IsPro: 0

 COMMAND LINE ARGUMENTS:
D:\Unity\2021.1.7f1\Editor\Unity.exe
-adb2
-batchMode
-noUpm
-name
AssetImportWorker0
-projectPath
D:/Unity/Projects/2DPlatformer/2DPlatformer
-logFile
Logs/AssetImportWorker0.log
-srvPort
55219
Successfully changed project path to: D:/Unity/Projects/2DPlatformer/2DPlatformer
D:/Unity/Projects/2DPlatformer/2DPlatformer
Using Asset Import Pipeline V2.
Refreshing native plugins compatible for Editor in 34.57 ms, found 1 plugins.
Preloading 0 native plugins for Editor in 0.00 ms.
Initialize engine version: 2021.1.7f1 (d91830b65d9b)
[Subsystems] Discovering subsystems at path D:/Unity/2021.1.7f1/Editor/Data/Resources/UnitySubsystems
[Subsystems] Discovering subsystems at path D:/Unity/Projects/2DPlatformer/2DPlatformer/Assets
GfxDevice: creating device client; threaded=0; jobified=0
Direct3D:
    Version:  Direct3D 11.0 [level 11.1]
    Renderer: Radeon RX 580 Series (ID=0x67df)
    Vendor:   ATI
    VRAM:     8171 MB
    Driver:   27.20.14501.18003
Initialize mono
Mono path[0] = 'D:/Unity/2021.1.7f1/Editor/Data/Managed'
Mono path[1] = 'D:/Unity/2021.1.7f1/Editor/Data/MonoBleedingEdge/lib/mono/unityjit'
Mono config path = 'D:/Unity/2021.1.7f1/Editor/Data/MonoBleedingEdge/etc'
Using monoOptions --debugger-agent=transport=dt_socket,embedding=1,server=y,suspend=n,address=127.0.0.1:56696
Begin MonoManager ReloadAssembly
Registering precompiled unity dll's ...
Register platform support module: D:/Unity/2021.1.7f1/Editor/Data/PlaybackEngines/WebGLSupport/UnityEditor.WebGL.Extensions.dll
Register platform support module: D:/Unity/2021.1.7f1/Editor/Data/PlaybackEngines/WindowsStandaloneSupport/UnityEditor.WindowsStandalone.Extensions.dll
Registered in 0.000940 seconds.
Native extension for WindowsStandalone target not found
Native extension for WebGL target not found
Refreshing native plugins compatible for Editor in 34.58 ms, found 1 plugins.
Preloading 0 native plugins for Editor in 0.00 ms.
Mono: successfully reloaded assembly
- Completed reload, in  0.807 seconds
Platform modules already initialized, skipping
Registering precompiled user dll's ...
Registered in 0.000915 seconds.
Begin MonoManager ReloadAssembly
Native extension for WindowsStandalone target not found
Native extension for WebGL target not found
Refreshing native plugins compatible for Editor in 33.87 ms, found 1 plugins.
Preloading 0 native plugins for Editor in 0.00 ms.
Mono: successfully reloaded assembly
- Completed reload, in  0.790 seconds
Platform modules already initialized, skipping
========================================================================
Worker process is ready to serve import requests
Launched and connected shader compiler UnityShaderCompiler.exe after 0.05 seconds
Refreshing native plugins compatible for Editor in 0.35 ms, found 1 plugins.
Preloading 0 native plugins for Editor in 0.00 ms.
Unloading 2077 Unused Serialized files (Serialized files now loaded: 0)
System memory in use before: 95.6 MB.
System memory in use after: 95.7 MB.

Unloading 20 unused Assets to reduce memory usage. Loaded Objects now: 2539.
Total: 1.924100 ms (FindLiveObjects: 0.125000 ms CreateObjectMapping: 0.055700 ms MarkObjects: 1.693900 ms  DeleteObjects: 0.048900 ms)

========================================================================
Received Import Request.
  path: ProjectSettings/TagManager.asset
  artifactKey: Guid(00000000000000003000000000000000) Importer(815301076,1909f56bfc062723c751e8b465ee728b)
Start importing ProjectSettings/TagManager.asset using Guid(00000000000000003000000000000000) Importer(815301076,1909f56bfc062723c751e8b465ee728b)  -> (artifact id: 'd5b0894742fc75f08a1534796df29c38') in 0.044883 seconds 
========================================================================
Received Import Request.
  Time since last request: 124.075699 seconds.
  path: Assets/Sprites/MapRelated/Exit+Pixelated.png
  artifactKey: Guid(9a9d625cf3b96514a95cb9035528dc1a) Importer(815301076,1909f56bfc062723c751e8b465ee728b)
Start importing Assets/Sprites/MapRelated/Exit+Pixelated.png using Guid(9a9d625cf3b96514a95cb9035528dc1a) Importer(815301076,1909f56bfc062723c751e8b465ee728b)  -> (artifact id: '5390dda31a2348b416af1b9a98f5a2c1') in 0.102139 seconds 
========================================================================
Received Prepare
Registering precompiled user dll's ...
Registered in 0.000940 seconds.
Begin MonoManager ReloadAssembly
Native extension for WindowsStandalone target not found
Native extension for WebGL target not found
Refreshing native plugins compatible for Editor in 0.35 ms, found 1 plugins.
Preloading 0 native plugins for Editor in 0.00 ms.
Mono: successfully reloaded assembly
- Completed reload, in  0.740 seconds
Platform modules already initialized, skipping
Refreshing native plugins compatible for Editor in 0.34 ms, found 1 plugins.
Preloading 0 native plugins for Editor in 0.00 ms.
Unloading 2066 Unused Serialized files (Serialized files now loaded: 0)
System memory in use before: 98.9 MB.
System memory in use after: 99.1 MB.

Unloading 9 unused Assets to reduce memory usage. Loaded Objects now: 2565.
Total: 1.852400 ms (FindLiveObjects: 0.128900 ms CreateObjectMapping: 0.067400 ms MarkObjects: 1.643800 ms  DeleteObjects: 0.011400 ms)

========================================================================
Received Prepare
Registering precompiled user dll's ...
Registered in 0.000908 seconds.
Begin MonoManager ReloadAssembly
Native extension for WindowsStandalone target not found
Native extension for WebGL target not found
Refreshing native plugins compatible for Editor in 0.33 ms, found 1 plugins.
Preloading 0 native plugins for Editor in 0.00 ms.
Mono: successfully reloaded assembly
- Completed reload, in  0.706 seconds
Platform modules already initialized, skipping
Refreshing native plugins compatible for Editor in 0.33 ms, found 1 plugins.
Preloading 0 native plugins for Editor in 0.00 ms.
Unloading 2065 Unused Serialized files (Serialized files now loaded: 0)
System memory in use before: 98.9 MB.
System memory in use after: 99.1 MB.

Unloading 8 unused Assets to reduce memory usage. Loaded Objects now: 2569.
Total: 1.722000 ms (FindLiveObjects: 0.132200 ms CreateObjectMapping: 0.063600 ms MarkObjects: 1.515600 ms  DeleteObjects: 0.009900 ms)

========================================================================
Received Import Request.
  Time since last request: 60.042462 seconds.
  path: Assets/Scripts/LevelExit.cs
  artifactKey: Guid(aa3b6e1c020ac474daf8b67de190d695) Importer(815301076,1909f56bfc062723c751e8b465ee728b)
Start importing Assets/Scripts/LevelExit.cs using Guid(aa3b6e1c020ac474daf8b67de190d695) Importer(815301076,1909f56bfc062723c751e8b465ee728b)  -> (artifact id: '7294c258a95b989ace967ff8bc9568b4') in 0.012143 seconds 
========================================================================
Received Import Request.
  Time since last request: 152.770904 seconds.
  path: Assets/Scripts/LevelExit.cs
  artifactKey: Guid(aa3b6e1c020ac474daf8b67de190d695) Importer(815301076,1909f56bfc062723c751e8b465ee728b)
Start importing Assets/Scripts/LevelExit.cs using Guid(aa3b6e1c020ac474daf8b67de190d695) Importer(815301076,1909f56bfc062723c751e8b465ee728b)  -> (artifact id: 'e60e21decc0b5b2fc05d29d0069f4b6c') in 0.001220 seconds 
========================================================================
Received Import Request.
  Time since last request: 6.809426 seconds.
  path: Assets/Levels/Level 1.unity
  artifactKey: Guid(57623d1f4d9df8c479919c5743df8060) Importer(815301076,1909f56bfc062723c751e8b465ee728b)
Start importing Assets/Levels/Level 1.unity using Guid(57623d1f4d9df8c479919c5743df8060) Importer(815301076,1909f56bfc062723c751e8b465ee728b)  -> (artifact id: '5c9fe7fc7a8efe7b32add1106c89e7d2') in 0.012135 seconds 
========================================================================
Received Prepare
Registering precompiled user dll's ...
Registered in 0.000910 seconds.
Begin MonoManager ReloadAssembly
Native extension for WindowsStandalone target not found
Native extension for WebGL target not found
Refreshing native plugins compatible for Editor in 0.35 ms, found 1 plugins.
Preloading 0 native plugins for Editor in 0.00 ms.
Mono: successfully reloaded assembly
- Completed reload, in  0.733 seconds
Platform modules already initialized, skipping
Refreshing native plugins compatible for Editor in 0.38 ms, found 1 plugins.
Preloading 0 native plugins for Editor in 0.00 ms.
Unloading 2065 Unused Serialized files (Serialized files now loaded: 0)
System memory in use before: 99.0 MB.
System memory in use after: 99.1 MB.

Unloading 8 unused Assets to reduce memory usage. Loaded Objects now: 2573.
Total: 1.790900 ms (FindLiveObjects: 0.126700 ms CreateObjectMapping: 0.065900 ms MarkObjects: 1.587300 ms  DeleteObjects: 0.010400 ms)

========================================================================
Received Prepare
Registering precompiled user dll's ...
Registered in 0.124527 seconds.
Begin MonoManager ReloadAssembly
Native extension for WindowsStandalone target not found
Native extension for WebGL target not found
Refreshing native plugins compatible for Editor in 0.35 ms, found 1 plugins.
Preloading 0 native plugins for Editor in 0.00 ms.
Mono: successfully reloaded assembly
- Completed reload, in  5.368 seconds
Platform modules already initialized, skipping
Refreshing native plugins compatible for Editor in 0.35 ms, found 1 plugins.
Preloading 0 native plugins for Editor in 0.00 ms.
Unloading 2065 Unused Serialized files (Serialized files now loaded: 0)
System memory in use before: 99.0 MB.
System memory in use after: 99.1 MB.

Unloading 8 unused Assets to reduce memory usage. Loaded Objects now: 2577.
Total: 1.727400 ms (FindLiveObjects: 0.126200 ms CreateObjectMapping: 0.060100 ms MarkObjects: 1.529700 ms  DeleteObjects: 0.010800 ms)

========================================================================
Received Import Request.
  Time since last request: 643.237892 seconds.
  path: Assets/Levels/Level 1.unity
  artifactKey: Guid(57623d1f4d9df8c479919c5743df8060) Importer(815301076,1909f56bfc062723c751e8b465ee728b)
Start importing Assets/Levels/Level 1.unity using Guid(57623d1f4d9df8c479919c5743df8060) Importer(815301076,1909f56bfc062723c751e8b465ee728b)  -> (artifact id: '13be5e0723f0c90f3a9cc1fcfe045de2') in 0.014744 seconds 
========================================================================
Received Import Request.
  Time since last request: 16.902193 seconds.
  path: Assets/Prefabs/Player.prefab
  artifactKey: Guid(87e28641fb85e014bb62dcbdb6779cd7) Importer(815301076,1909f56bfc062723c751e8b465ee728b)
Start importing Assets/Prefabs/Player.prefab using Guid(87e28641fb85e014bb62dcbdb6779cd7) Importer(815301076,1909f56bfc062723c751e8b465ee728b)  -> (artifact id: 'f9dbb073904b6212960ef609efe30458') in 0.064110 seconds 
========================================================================
Received Import Request.
  Time since last request: 0.000235 seconds.
  path: Assets/Prefabs/Cameras.prefab
  artifactKey: Guid(db8d0b8a128bd804f8175763572d0275) Importer(815301076,1909f56bfc062723c751e8b465ee728b)
Start importing Assets/Prefabs/Cameras.prefab using Guid(db8d0b8a128bd804f8175763572d0275) Importer(815301076,1909f56bfc062723c751e8b465ee728b)  -> (artifact id: '9e838f01f9408b8e3b742933be755b18') in 0.019934 seconds 
========================================================================
Received Import Request.
  Time since last request: 0.000235 seconds.
  path: Assets/Prefabs/Slime.prefab
  artifactKey: Guid(ddd43cf006040794a8886a5059c3a1ce) Importer(815301076,1909f56bfc062723c751e8b465ee728b)
Start importing Assets/Prefabs/Slime.prefab using Guid(ddd43cf006040794a8886a5059c3a1ce) Importer(815301076,1909f56bfc062723c751e8b465ee728b)  -> (artifact id: '36de8b5bbb46c30a465f164f99ab7259') in 0.018405 seconds 
========================================================================
Received Import Request.
  Time since last request: 69.164568 seconds.
  path: Assets/Levels/Main Menu.unity
  artifactKey: Guid(223961a9fe899ee499f847e88f42caaf) Importer(815301076,1909f56bfc062723c751e8b465ee728b)
Start importing Assets/Levels/Main Menu.unity using Guid(223961a9fe899ee499f847e88f42caaf) Importer(815301076,1909f56bfc062723c751e8b465ee728b)  -> (artifact id: 'e457ac93651659222b3910d5902b7673') in 0.005454 seconds 
========================================================================
Received Import Request.
  Time since last request: 3.896167 seconds.
  path: Assets/Prefabs/Cameras.prefab
  artifactKey: Guid(db8d0b8a128bd804f8175763572d0275) Importer(815301076,1909f56bfc062723c751e8b465ee728b)
Start importing Assets/Prefabs/Cameras.prefab using Guid(db8d0b8a128bd804f8175763572d0275) Importer(815301076,1909f56bfc062723c751e8b465ee728b)  -> (artifact id: 'f1deb140f17838fa6b769e3d805179e1') in 0.003513 seconds 
========================================================================
Received Prepare
Registering precompiled user dll's ...
Registered in 0.000919 seconds.
Begin MonoManager ReloadAssembly
Native extension for WindowsStandalone target not found
Native extension for WebGL target not found
Refreshing native plugins compatible for Editor in 0.35 ms, found 1 plugins.
Preloading 0 native plugins for Editor in 0.00 ms.
Mono: successfully reloaded assembly
- Completed reload, in  0.733 seconds
Platform modules already initialized, skipping
Refreshing native plugins compatible for Editor in 0.29 ms, found 1 plugins.
Preloading 0 native plugins for Editor in 0.00 ms.
Unloading 2065 Unused Serialized files (Serialized files now loaded: 0)
System memory in use before: 99.1 MB.
System memory in use after: 99.2 MB.

Unloading 8 unused Assets to reduce memory usage. Loaded Objects now: 2586.
Total: 1.693600 ms (FindLiveObjects: 0.116200 ms CreateObjectMapping: 0.064100 ms MarkObjects: 1.502900 ms  DeleteObjects: 0.009800 ms)

========================================================================
Received Prepare
Registering precompiled user dll's ...
Registered in 0.000975 seconds.
Begin MonoManager ReloadAssembly
Native extension for WindowsStandalone target not found
Native extension for WebGL target not found
Refreshing native plugins compatible for Editor in 0.39 ms, found 1 plugins.
Preloading 0 native plugins for Editor in 0.00 ms.
Mono: successfully reloaded assembly
- Completed reload, in  0.760 seconds
Platform modules already initialized, skipping
Refreshing native plugins compatible for Editor in 0.33 ms, found 1 plugins.
Preloading 0 native plugins for Editor in 0.00 ms.
Unloading 2065 Unused Serialized files (Serialized files now loaded: 0)
System memory in use before: 99.1 MB.
System memory in use after: 99.2 MB.

Unloading 8 unused Assets to reduce memory usage. Loaded Objects now: 2590.
Total: 2.032500 ms (FindLiveObjects: 0.154400 ms CreateObjectMapping: 0.083100 ms MarkObjects: 1.781500 ms  DeleteObjects: 0.012500 ms)

========================================================================
Received Import Request.
  Time since last request: 109.337083 seconds.
  path: Assets/Levels/Level 1.unity
  artifactKey: Guid(57623d1f4d9df8c479919c5743df8060) Importer(815301076,1909f56bfc062723c751e8b465ee728b)
Start importing Assets/Levels/Level 1.unity using Guid(57623d1f4d9df8c479919c5743df8060) Importer(815301076,1909f56bfc062723c751e8b465ee728b)  -> (artifact id: '8ed7c423b2f8e953d5c05314cb48e32c') in 0.009550 seconds 
========================================================================
Received Import Request.
  Time since last request: 7.754606 seconds.
  path: Assets/Levels/Main Menu.unity
  artifactKey: Guid(223961a9fe899ee499f847e88f42caaf) Importer(815301076,1909f56bfc062723c751e8b465ee728b)
Start importing Assets/Levels/Main Menu.unity using Guid(223961a9fe899ee499f847e88f42caaf) Importer(815301076,1909f56bfc062723c751e8b465ee728b)  -> (artifact id: 'c4da5f8a8131e7216ec2871334339404') in 0.001481 seconds 
========================================================================
Received Import Request.
  Time since last request: 54.270599 seconds.
  path: Assets/Levels/Main Menu.unity
  artifactKey: Guid(223961a9fe899ee499f847e88f42caaf) Importer(815301076,1909f56bfc062723c751e8b465ee728b)
Start importing Assets/Levels/Main Menu.unity using Guid(223961a9fe899ee499f847e88f42caaf) Importer(815301076,1909f56bfc062723c751e8b465ee728b)  -> (artifact id: '79bec82975fb776eb1bc3205eebbeba4') in 0.001468 seconds 
========================================================================
Received Prepare
Registering precompiled user dll's ...
Registered in 0.000905 seconds.
Begin MonoManager ReloadAssembly
Native extension for WindowsStandalone target not found
Native extension for WebGL target not found
Refreshing native plugins compatible for Editor in 0.37 ms, found 1 plugins.
Preloading 0 native plugins for Editor in 0.00 ms.
Mono: successfully reloaded assembly
- Completed reload, in  0.759 seconds
Platform modules already initialized, skipping
Refreshing native plugins compatible for Editor in 0.34 ms, found 1 plugins.
Preloading 0 native plugins for Editor in 0.00 ms.
Unloading 2065 Unused Serialized files (Serialized files now loaded: 0)
System memory in use before: 99.1 MB.
System memory in use after: 99.2 MB.

Unloading 8 unused Assets to reduce memory usage. Loaded Objects now: 2594.
Total: 1.670100 ms (FindLiveObjects: 0.131600 ms CreateObjectMapping: 0.065400 ms MarkObjects: 1.461000 ms  DeleteObjects: 0.011100 ms)

========================================================================
Received Import Request.
  Time since last request: 125.447417 seconds.
  path: Assets/Levels/Main Menu.unity
  artifactKey: Guid(223961a9fe899ee499f847e88f42caaf) Importer(815301076,1909f56bfc062723c751e8b465ee728b)
Start importing Assets/Levels/Main Menu.unity using Guid(223961a9fe899ee499f847e88f42caaf) Importer(815301076,1909f56bfc062723c751e8b465ee728b)  -> (artifact id: '5420890a71d4cb218b719da3adac8c10') in 0.008969 seconds 
========================================================================
Received Import Request.
  Time since last request: 190.643314 seconds.
  path: Assets/Levels/Main Menu.unity
  artifactKey: Guid(223961a9fe899ee499f847e88f42caaf) Importer(815301076,1909f56bfc062723c751e8b465ee728b)
Start importing Assets/Levels/Main Menu.unity using Guid(223961a9fe899ee499f847e88f42caaf) Importer(815301076,1909f56bfc062723c751e8b465ee728b)  -> (artifact id: 'e2cf57f15d11aed10a44ac3b56eecfbb') in 0.001620 seconds 
========================================================================
Received Prepare
Registering precompiled user dll's ...
Registered in 0.000983 seconds.
Begin MonoManager ReloadAssembly
Native extension for WindowsStandalone target not found
Native extension for WebGL target not found
Refreshing native plugins compatible for Editor in 0.34 ms, found 1 plugins.
Preloading 0 native plugins for Editor in 0.00 ms.
Mono: successfully reloaded assembly
- Completed reload, in  0.703 seconds
Platform modules already initialized, skipping
Refreshing native plugins compatible for Editor in 0.33 ms, found 1 plugins.
Preloading 0 native plugins for Editor in 0.00 ms.
Unloading 2065 Unused Serialized files (Serialized files now loaded: 0)
System memory in use before: 99.1 MB.
System memory in use after: 99.3 MB.

Unloading 8 unused Assets to reduce memory usage. Loaded Objects now: 2598.
Total: 1.658900 ms (FindLiveObjects: 0.113200 ms CreateObjectMapping: 0.057000 ms MarkObjects: 1.478000 ms  DeleteObjects: 0.010100 ms)

========================================================================
Received Import Request.
  Time since last request: 95.057338 seconds.
  path: Assets/Levels/Main Menu.unity
  artifactKey: Guid(223961a9fe899ee499f847e88f42caaf) Importer(815301076,1909f56bfc062723c751e8b465ee728b)
Start importing Assets/Levels/Main Menu.unity using Guid(223961a9fe899ee499f847e88f42caaf) Importer(815301076,1909f56bfc062723c751e8b465ee728b)  -> (artifact id: '69e85dcee8b75cd217314ea029dd940b') in 0.009475 seconds 
========================================================================
Received Prepare
Registering precompiled user dll's ...
Registered in 0.000917 seconds.
Begin MonoManager ReloadAssembly
Native extension for WindowsStandalone target not found
Native extension for WebGL target not found
Refreshing native plugins compatible for Editor in 0.35 ms, found 1 plugins.
Preloading 0 native plugins for Editor in 0.00 ms.
Mono: successfully reloaded assembly
- Completed reload, in  0.757 seconds
Platform modules already initialized, skipping
Refreshing native plugins compatible for Editor in 0.39 ms, found 1 plugins.
Preloading 0 native plugins for Editor in 0.00 ms.
Unloading 2065 Unused Serialized files (Serialized files now loaded: 0)
System memory in use before: 99.2 MB.
System memory in use after: 99.3 MB.

Unloading 8 unused Assets to reduce memory usage. Loaded Objects now: 2602.
Total: 1.664200 ms (FindLiveObjects: 0.129700 ms CreateObjectMapping: 0.064400 ms MarkObjects: 1.458200 ms  DeleteObjects: 0.011100 ms)

========================================================================
Received Prepare
Registering precompiled user dll's ...
Registered in 0.000904 seconds.
Begin MonoManager ReloadAssembly
Native extension for WindowsStandalone target not found
Native extension for WebGL target not found
Refreshing native plugins compatible for Editor in 0.35 ms, found 1 plugins.
Preloading 0 native plugins for Editor in 0.00 ms.
Mono: successfully reloaded assembly
- Completed reload, in  0.742 seconds
Platform modules already initialized, skipping
Refreshing native plugins compatible for Editor in 0.34 ms, found 1 plugins.
Preloading 0 native plugins for Editor in 0.00 ms.
Unloading 2065 Unused Serialized files (Serialized files now loaded: 0)
System memory in use before: 99.2 MB.
System memory in use after: 99.3 MB.

Unloading 8 unused Assets to reduce memory usage. Loaded Objects now: 2606.
Total: 1.825000 ms (FindLiveObjects: 0.136300 ms CreateObjectMapping: 0.060100 ms MarkObjects: 1.618200 ms  DeleteObjects: 0.009900 ms)

========================================================================
Received Prepare
Registering precompiled user dll's ...
Registered in 0.000940 seconds.
Begin MonoManager ReloadAssembly
Native extension for WindowsStandalone target not found
Native extension for WebGL target not found
Refreshing native plugins compatible for Editor in 0.39 ms, found 1 plugins.
Preloading 0 native plugins for Editor in 0.00 ms.
Mono: successfully reloaded assembly
- Completed reload, in  0.761 seconds
Platform modules already initialized, skipping
Refreshing native plugins compatible for Editor in 0.36 ms, found 1 plugins.
Preloading 0 native plugins for Editor in 0.00 ms.
Unloading 2065 Unused Serialized files (Serialized files now loaded: 0)
System memory in use before: 99.2 MB.
System memory in use after: 99.3 MB.

Unloading 8 unused Assets to reduce memory usage. Loaded Objects now: 2610.
Total: 1.936600 ms (FindLiveObjects: 0.124700 ms CreateObjectMapping: 0.060500 ms MarkObjects: 1.740700 ms  DeleteObjects: 0.009900 ms)

========================================================================
Received Prepare
Registering precompiled user dll's ...
Registered in 0.000969 seconds.
Begin MonoManager ReloadAssembly
Native extension for WindowsStandalone target not found
Native extension for WebGL target not found
Refreshing native plugins compatible for Editor in 0.37 ms, found 1 plugins.
Preloading 0 native plugins for Editor in 0.00 ms.
Mono: successfully reloaded assembly
- Completed reload, in  0.743 seconds
Platform modules already initialized, skipping
Refreshing native plugins compatible for Editor in 0.34 ms, found 1 plugins.
Preloading 0 native plugins for Editor in 0.00 ms.
Unloading 2065 Unused Serialized files (Serialized files now loaded: 0)
System memory in use before: 99.2 MB.
System memory in use after: 99.3 MB.

Unloading 8 unused Assets to reduce memory usage. Loaded Objects now: 2614.
Total: 1.833300 ms (FindLiveObjects: 0.131900 ms CreateObjectMapping: 0.064900 ms MarkObjects: 1.621700 ms  DeleteObjects: 0.014000 ms)

========================================================================
Received Prepare
Registering precompiled user dll's ...
Registered in 0.000916 seconds.
Begin MonoManager ReloadAssembly
Native extension for WindowsStandalone target not found
Native extension for WebGL target not found
Refreshing native plugins compatible for Editor in 0.35 ms, found 1 plugins.
Preloading 0 native plugins for Editor in 0.00 ms.
Mono: successfully reloaded assembly
- Completed reload, in  0.721 seconds
Platform modules already initialized, skipping
Refreshing native plugins compatible for Editor in 0.34 ms, found 1 plugins.
Preloading 0 native plugins for Editor in 0.00 ms.
Unloading 2066 Unused Serialized files (Serialized files now loaded: 0)
System memory in use before: 99.2 MB.
System memory in use after: 99.3 MB.

Unloading 8 unused Assets to reduce memory usage. Loaded Objects now: 2619.
Total: 2.235200 ms (FindLiveObjects: 0.126900 ms CreateObjectMapping: 0.069400 ms MarkObjects: 2.027000 ms  DeleteObjects: 0.011100 ms)

========================================================================
Received Prepare
Registering precompiled user dll's ...
Registered in 0.000909 seconds.
Begin MonoManager ReloadAssembly
Native extension for WindowsStandalone target not found
Native extension for WebGL target not found
Refreshing native plugins compatible for Editor in 0.35 ms, found 1 plugins.
Preloading 0 native plugins for Editor in 0.00 ms.
Mono: successfully reloaded assembly
- Completed reload, in  0.734 seconds
Platform modules already initialized, skipping
Refreshing native plugins compatible for Editor in 0.39 ms, found 1 plugins.
Preloading 0 native plugins for Editor in 0.00 ms.
Unloading 2066 Unused Serialized files (Serialized files now loaded: 0)
System memory in use before: 99.2 MB.
System memory in use after: 99.4 MB.

Unloading 8 unused Assets to reduce memory usage. Loaded Objects now: 2623.
Total: 1.806500 ms (FindLiveObjects: 0.140500 ms CreateObjectMapping: 0.062600 ms MarkObjects: 1.591500 ms  DeleteObjects: 0.011300 ms)

========================================================================
Received Prepare
Registering precompiled user dll's ...
Registered in 0.000952 seconds.
Begin MonoManager ReloadAssembly
Native extension for WindowsStandalone target not found
Native extension for WebGL target not found
Refreshing native plugins compatible for Editor in 0.40 ms, found 1 plugins.
Preloading 0 native plugins for Editor in 0.00 ms.
Mono: successfully reloaded assembly
- Completed reload, in  0.830 seconds
Platform modules already initialized, skipping
Refreshing native plugins compatible for Editor in 0.37 ms, found 1 plugins.
Preloading 0 native plugins for Editor in 0.00 ms.
Unloading 2066 Unused Serialized files (Serialized files now loaded: 0)
System memory in use before: 99.2 MB.
System memory in use after: 99.4 MB.

Unloading 8 unused Assets to reduce memory usage. Loaded Objects now: 2627.
Total: 1.855700 ms (FindLiveObjects: 0.179000 ms CreateObjectMapping: 0.094700 ms MarkObjects: 1.568900 ms  DeleteObjects: 0.012400 ms)

========================================================================
Received Import Request.
  Time since last request: 865.368333 seconds.
  path: Assets/Scripts/MainMenu.cs
  artifactKey: Guid(33329cacd3b26f14bb7339def09ffcad) Importer(815301076,1909f56bfc062723c751e8b465ee728b)
Start importing Assets/Scripts/MainMenu.cs using Guid(33329cacd3b26f14bb7339def09ffcad) Importer(815301076,1909f56bfc062723c751e8b465ee728b)  -> (artifact id: '42baf19f70661faadbe6186c0fc1879b') in 0.005771 seconds 
========================================================================
Received Prepare
Registering precompiled user dll's ...
Registered in 0.000902 seconds.
Begin MonoManager ReloadAssembly
Native extension for WindowsStandalone target not found
Native extension for WebGL target not found
Refreshing native plugins compatible for Editor in 0.33 ms, found 1 plugins.
Preloading 0 native plugins for Editor in 0.00 ms.
Mono: successfully reloaded assembly
- Completed reload, in  0.718 seconds
Platform modules already initialized, skipping
Refreshing native plugins compatible for Editor in 0.34 ms, found 1 plugins.
Preloading 0 native plugins for Editor in 0.00 ms.
Unloading 2066 Unused Serialized files (Serialized files now loaded: 0)
System memory in use before: 99.3 MB.
System memory in use after: 99.4 MB.

Unloading 8 unused Assets to reduce memory usage. Loaded Objects now: 2631.
Total: 1.865800 ms (FindLiveObjects: 0.164500 ms CreateObjectMapping: 0.126100 ms MarkObjects: 1.563700 ms  DeleteObjects: 0.010600 ms)

========================================================================
Received Import Request.
  Time since last request: 31.250988 seconds.
  path: Assets/Scripts/MainMenu.cs
  artifactKey: Guid(33329cacd3b26f14bb7339def09ffcad) Importer(815301076,1909f56bfc062723c751e8b465ee728b)
Start importing Assets/Scripts/MainMenu.cs using Guid(33329cacd3b26f14bb7339def09ffcad) Importer(815301076,1909f56bfc062723c751e8b465ee728b)  -> (artifact id: '6aefd7593d64ce06114a5ae03b92bc52') in 0.003413 seconds 
========================================================================
Received Prepare
Registering precompiled user dll's ...
Registered in 0.001004 seconds.
Begin MonoManager ReloadAssembly
Native extension for WindowsStandalone target not found
Native extension for WebGL target not found
Refreshing native plugins compatible for Editor in 0.34 ms, found 1 plugins.
Preloading 0 native plugins for Editor in 0.00 ms.
Mono: successfully reloaded assembly
- Completed reload, in  0.759 seconds
Platform modules already initialized, skipping
Refreshing native plugins compatible for Editor in 0.35 ms, found 1 plugins.
Preloading 0 native plugins for Editor in 0.00 ms.
Unloading 2066 Unused Serialized files (Serialized files now loaded: 0)
System memory in use before: 99.3 MB.
System memory in use after: 99.4 MB.

Unloading 8 unused Assets to reduce memory usage. Loaded Objects now: 2635.
Total: 1.959800 ms (FindLiveObjects: 0.138400 ms CreateObjectMapping: 0.066200 ms MarkObjects: 1.739600 ms  DeleteObjects: 0.014700 ms)

AssetImportWorkerClient::OnTransportError - code=2 error=End of file
